2023-12-06 07:14:44,934 Using selector: EpollSelector
2023-12-06 07:16:47,901 Error: Data scraping unable to complete in 60.0s (retries: 3)
2023-12-06 07:16:47,901 Using selector: EpollSelector
2023-12-06 07:18:48,967 Error: Data scraping unable to complete in 60.0s (retries: 3)
2023-12-06 07:18:48,967 Using selector: EpollSelector
2023-12-06 07:20:49,969 Error: Data scraping unable to complete in 60.0s (retries: 3)
2023-12-06 07:20:49,970 Using selector: EpollSelector
2023-12-06 07:21:13,268 11/07/2023, 16:00:01: It’s that time of year again… when the male bees get kicked out of the hive. 
2023-12-06 07:21:13,268 URL = https://tiktok.com/@texasbeeworks/video/7298750561971604778
2023-12-06 07:21:13,268 2023-11-07 16:00:01+00:00
2023-12-06 07:21:13,268 09/29/2023, 16:42:01: Bee battle!
2023-12-06 07:21:13,268 URL = https://tiktok.com/@texasbeeworks/video/7284289008572583210
2023-12-06 07:21:13,268 2023-09-29 16:42:01+00:00
2023-12-06 07:21:13,268 09/07/2023, 17:52:36: Thank you for protecting these special bees and for inviting me to France to meet them, @Guerlain!
2023-12-06 07:21:13,268 URL = https://tiktok.com/@texasbeeworks/video/7276143342189137198
2023-12-06 07:21:13,269 2023-09-07 17:52:36+00:00
2023-12-06 07:21:13,269 07/13/2023, 13:52:17: Can you find the queen? #bees #beekeeping #queen #savingthebees 
2023-12-06 07:21:13,269 URL = https://tiktok.com/@texasbeeworks/video/7255300671317167406
2023-12-06 07:21:13,269 2023-07-13 13:52:17+00:00
2023-12-06 07:21:13,269 06/02/2023, 14:42:02: Bees packed themselves into a suitcase and they needed my help! #beekeeper #beerescue #suitcase #beetok #savingthebees 
2023-12-06 07:21:13,269 URL = https://tiktok.com/@texasbeeworks/video/7240099010923466026
2023-12-06 07:21:13,269 2023-06-02 14:42:02+00:00
2023-12-06 07:21:13,336 Using selector: EpollSelector
2023-12-06 07:23:14,227 Error: Data scraping unable to complete in 60.0s (retries: 3)
